<?xml version="1.0" encoding="UTF-8"?>
<!-- Generated by org.testng.reporters.JUnitXMLReporter -->
<testsuite ignored="2" hostname="mhussen-PC" failures="0" tests="1" name="PositiveTests" time="12.818" errors="0" timestamp="2021-01-16T16:28:45 EST">
  <testcase classname="com.bankrate.CalculatePayoffMonthsTest" name="positivecalcualteNumMonthsTest" time="1.158"/>
  <testcase classname="com.bankrate.CalculatePayoffMonthsTest" name="zeroBalanceTest" time="0.0">
    <ignored/>
  </testcase> <!-- zeroBalanceTest -->
  <testcase classname="com.bankrate.CalculatePayoffMonthsTest" name="veryLargeBalanceTest" time="0.0">
    <ignored/>
  </testcase> <!-- veryLargeBalanceTest -->
</testsuite> <!-- PositiveTests -->
