<?xml version="1.0" encoding="UTF-8"?>
<!-- Generated by org.testng.reporters.JUnitXMLReporter -->
<testsuite ignored="2" hostname="mhussen-PC" failures="0" tests="1" name="VeryLargeBalanceTest" time="11.918" errors="0" timestamp="2021-01-16T16:28:57 EST">
  <testcase classname="com.bankrate.CalculatePayoffMonthsTest" name="veryLargeBalanceTest" time="2.621"/>
  <testcase classname="com.bankrate.CalculatePayoffMonthsTest" name="positivecalcualteNumMonthsTest" time="0.0">
    <ignored/>
  </testcase> <!-- positivecalcualteNumMonthsTest -->
  <testcase classname="com.bankrate.CalculatePayoffMonthsTest" name="zeroBalanceTest" time="0.0">
    <ignored/>
  </testcase> <!-- zeroBalanceTest -->
</testsuite> <!-- VeryLargeBalanceTest -->
