<?xml version="1.0" encoding="UTF-8"?>
<!-- Generated by org.testng.reporters.JUnitXMLReporter -->
<testsuite ignored="2" hostname="mhussen-PC" failures="0" tests="1" name="ZeroBalanceTest" time="13.604" errors="0" timestamp="2021-01-16T16:29:11 EST">
  <testcase classname="com.bankrate.CalculatePayoffMonthsTest" name="zeroBalanceTest" time="2.039"/>
  <testcase classname="com.bankrate.CalculatePayoffMonthsTest" name="positivecalcualteNumMonthsTest" time="0.0">
    <ignored/>
  </testcase> <!-- positivecalcualteNumMonthsTest -->
  <testcase classname="com.bankrate.CalculatePayoffMonthsTest" name="veryLargeBalanceTest" time="0.0">
    <ignored/>
  </testcase> <!-- veryLargeBalanceTest -->
</testsuite> <!-- ZeroBalanceTest -->
