<?xml version="1.0" encoding="UTF-8"?>
<testng-results ignored="0" total="1" passed="1" failed="0" skipped="0">
  <reporter-output>
  </reporter-output>
  <suite started-at="2020-12-03T17:59:26 EST" name="Surefire suite" finished-at="2020-12-03T17:59:36 EST" duration-ms="9850">
    <groups>
    </groups>
    <test started-at="2020-12-03T17:59:26 EST" name="Surefire test" finished-at="2020-12-03T17:59:36 EST" duration-ms="9850">
      <class name="com.timeanddate.DateCalculatorTest">
        <test-method signature="subtractDates()[pri:0, instance:com.timeanddate.DateCalculatorTest@7c7b252e]" started-at="2020-12-03T17:59:26 EST" name="subtractDates" finished-at="2020-12-03T17:59:36 EST" duration-ms="9791" status="PASS">
          <reporter-output>
          </reporter-output>
        </test-method> <!-- subtractDates -->
      </class> <!-- com.timeanddate.DateCalculatorTest -->
    </test> <!-- Surefire test -->
  </suite> <!-- Surefire suite -->
</testng-results>
