<?xml version="1.0" encoding="UTF-8"?>
<testng-results ignored="0" total="1" passed="1" failed="0" skipped="0">
  <reporter-output>
  </reporter-output>
  <suite started-at="2021-01-02T12:10:47 EST" name="Default suite" finished-at="2021-01-02T12:11:02 EST" duration-ms="15252">
    <groups>
    </groups>
    <test started-at="2021-01-02T12:10:47 EST" name="Default test" finished-at="2021-01-02T12:11:02 EST" duration-ms="15252">
      <class name="com.herokuapp.theinternet.PostiveTest">
        <test-method signature="loginTest()[pri:0, instance:com.herokuapp.theinternet.PostiveTest@78ffe6dc]" started-at="2021-01-02T12:10:47 EST" name="loginTest" finished-at="2021-01-02T12:11:02 EST" duration-ms="15184" status="PASS">
          <reporter-output>
          </reporter-output>
        </test-method> <!-- loginTest -->
      </class> <!-- com.herokuapp.theinternet.PostiveTest -->
    </test> <!-- Default test -->
  </suite> <!-- Default suite -->
</testng-results>
